<?xml version="1.0" encoding="UTF-8" ?>
<testsuite tests="5" failures="1" name="step_definitions.RunCukesTest" time="46.619" errors="0" skipped="0">
  <properties>
    <property name="idea.version" value="2021.3.2"/>
    <property name="java.runtime.name" value="Java(TM) SE Runtime Environment"/>
    <property name="java.vm.version" value="17.0.7+8-LTS-224"/>
    <property name="sun.boot.library.path" value="C:\Program Files\Java\jdk-17\bin"/>
    <property name="maven.multiModuleProjectDirectory" value="C:\Users\Aditya\Downloads\saucedemo-project-aditya"/>
    <property name="java.vm.vendor" value="Oracle Corporation"/>
    <property name="java.vendor.url" value="https://java.oracle.com/"/>
    <property name="guice.disable.misplaced.annotation.check" value="true"/>
    <property name="path.separator" value=";"/>
    <property name="java.vm.name" value="Java HotSpot(TM) 64-Bit Server VM"/>
    <property name="sun.os.patch.level" value=""/>
    <property name="user.script" value=""/>
    <property name="user.country" value="ID"/>
    <property name="sun.java.launcher" value="SUN_STANDARD"/>
    <property name="java.vm.specification.name" value="Java Virtual Machine Specification"/>
    <property name="user.dir" value="C:\Users\Aditya\Downloads\saucedemo-project-aditya"/>
    <property name="java.vm.compressedOopsMode" value="32-bit"/>
    <property name="java.runtime.version" value="17.0.7+8-LTS-224"/>
    <property name="os.arch" value="amd64"/>
    <property name="java.io.tmpdir" value="C:\Users\Aditya\AppData\Local\Temp\"/>
    <property name="line.separator" value="
"/>
    <property name="java.vm.specification.vendor" value="Oracle Corporation"/>
    <property name="user.variant" value=""/>
    <property name="os.name" value="Windows 10"/>
    <property name="maven.ext.class.path" value="C:\Program Files\JetBrains\IntelliJ IDEA Community Edition 2021.3.2\plugins\maven\lib\maven-event-listener.jar"/>
    <property name="classworlds.conf" value="C:\Program Files\JetBrains\IntelliJ IDEA Community Edition 2021.3.2\plugins\maven\lib\maven3\bin\m2.conf"/>
    <property name="sun.jnu.encoding" value="Cp1252"/>
    <property name="java.library.path" value="C:\Program Files\Java\jdk-17\bin;C:\WINDOWS\Sun\Java\bin;C:\WINDOWS\system32;C:\WINDOWS;C:\Program Files\Common Files\Oracle\Java\javapath;C:\WINDOWS\system32;C:\WINDOWS;C:\WINDOWS\System32\Wbem;C:\WINDOWS\System32\WindowsPowerShell\v1.0\;C:\WINDOWS\System32\OpenSSH\;C:\Program Files\Java\jdk-17\bin;C:\Program Files\Git\cmd;C:\Program Files\Maven\apache-maven-3.9.1\bin;C:\Gradle\gradle-8.1.1\bin;C:\Program Files\Java\jdk-17\bin;C:\Gradle\gradle-8.1.1\bin;;C:\Program Files\Docker\Docker\resources\bin;C:\Users\Aditya\AppData\Local\Microsoft\WindowsApps;D:\SOFTWARE\driver\chromedriver;."/>
    <property name="maven.conf" value="C:\Program Files\JetBrains\IntelliJ IDEA Community Edition 2021.3.2\plugins\maven\lib\maven3/conf"/>
    <property name="jdk.debug" value="release"/>
    <property name="java.class.version" value="61.0"/>
    <property name="java.specification.name" value="Java Platform API Specification"/>
    <property name="sun.management.compiler" value="HotSpot 64-Bit Tiered Compilers"/>
    <property name="os.version" value="10.0"/>
    <property name="user.home" value="C:\Users\Aditya"/>
    <property name="user.timezone" value="Asia/Jakarta"/>
    <property name="file.encoding" value="UTF-8"/>
    <property name="java.specification.version" value="17"/>
    <property name="user.name" value="Aditya"/>
    <property name="java.class.path" value="C:\Program Files\JetBrains\IntelliJ IDEA Community Edition 2021.3.2\plugins\maven\lib\maven3\boot\plexus-classworlds-2.6.0.jar;C:\Program Files\JetBrains\IntelliJ IDEA Community Edition 2021.3.2\plugins\maven\lib\maven3\boot\plexus-classworlds.license"/>
    <property name="java.vm.specification.version" value="17"/>
    <property name="sun.arch.data.model" value="64"/>
    <property name="sun.java.command" value="org.codehaus.classworlds.Launcher -Didea.version=2021.3.2 test"/>
    <property name="java.home" value="C:\Program Files\Java\jdk-17"/>
    <property name="user.language" value="en"/>
    <property name="java.specification.vendor" value="Oracle Corporation"/>
    <property name="java.vm.info" value="mixed mode, sharing"/>
    <property name="java.version" value="17.0.7"/>
    <property name="native.encoding" value="Cp1252"/>
    <property name="java.vendor" value="Oracle Corporation"/>
    <property name="maven.home" value="C:\Program Files\JetBrains\IntelliJ IDEA Community Edition 2021.3.2\plugins\maven\lib\maven3"/>
    <property name="file.separator" value="\"/>
    <property name="java.version.date" value="2023-04-18"/>
    <property name="java.vendor.url.bug" value="https://bugreport.java.com/bugreport/"/>
    <property name="sun.io.unicode.encoding" value="UnicodeLittle"/>
    <property name="sun.cpu.endian" value="little"/>
    <property name="sun.cpu.isalist" value="amd64"/>
  </properties>
  <testcase classname="Sales" name="User sort product cart" time="11.784">
    <failure message="expected: java.lang.String&lt;25.9&gt; but was: java.lang.Double&lt;25.9&gt;" type="java.lang.AssertionError">java.lang.AssertionError: expected: java.lang.String&lt;25.9&gt; but was: java.lang.Double&lt;25.9&gt;
	at org.junit.Assert.fail(Assert.java:88)
	at org.junit.Assert.failNotEquals(Assert.java:743)
	at org.junit.Assert.assertEquals(Assert.java:118)
	at org.junit.Assert.assertEquals(Assert.java:144)
	at step_definitions.YourOverviewSteps.Invoice.userVerifyThat(Invoice.java:25)
	at ✽.User verify that &quot;25.9&quot;(classpath:features//Sales.feature:16)
</failure>
    <system-out>
@Sales
Scenario: User sort product cart                                                           &amp;#27;[90m# features//Sales.feature:5&amp;#27;[0m
  &amp;#27;[32mGiven &amp;#27;[0m&amp;#27;[32mUser already on login page&amp;#27;[0m                                                         &amp;#27;[90m# step_definitions.LoginPageSteps.LoginSteps.verifyLandingPage()&amp;#27;[0m
  &amp;#27;[32mWhen &amp;#27;[0m&amp;#27;[32mUser input &amp;#27;[0m&amp;#27;[32m&amp;#27;[1m&quot;standard_user&quot;&amp;#27;[0m&amp;#27;[32m as userName and input &amp;#27;[0m&amp;#27;[32m&amp;#27;[1m&quot;secret_sauce&quot;&amp;#27;[0m&amp;#27;[32m as password&amp;#27;[0m         &amp;#27;[90m# step_definitions.LoginPageSteps.LoginSteps.inputCredential(java.lang.String,java.lang.String)&amp;#27;[0m
  &amp;#27;[32mThen &amp;#27;[0m&amp;#27;[32mUser already on sales page&amp;#27;[0m                                                          &amp;#27;[90m# step_definitions.LoginPageSteps.LoginSteps.verifyDashboard()&amp;#27;[0m
  &amp;#27;[32mWhen &amp;#27;[0m&amp;#27;[32mUser sort product list by &amp;#27;[0m&amp;#27;[32m&amp;#27;[1m&quot;Name (Z to A)&quot;&amp;#27;[0m                                           &amp;#27;[90m# step_definitions.PageCartSteps.CartSteps.selectProductSort(java.lang.String)&amp;#27;[0m
  &amp;#27;[32mAnd &amp;#27;[0m&amp;#27;[32mUser select item product &amp;#27;[0m&amp;#27;[32m&amp;#27;[1m&quot;Test.allTheThings() T-Shirt (Red)&quot;&amp;#27;[0m&amp;#27;[32m and &amp;#27;[0m&amp;#27;[32m&amp;#27;[1m&quot;Sauce Labs Onesie&quot;&amp;#27;[0m &amp;#27;[90m# step_definitions.PageCartSteps.CartSteps.userSelectItemProductAnd(java.lang.String,java.lang.String)&amp;#27;[0m
  &amp;#27;[32mAnd &amp;#27;[0m&amp;#27;[32mUser open cart button&amp;#27;[0m                                                                &amp;#27;[90m# step_definitions.PageCartSteps.CartSteps.theUserOpenCartButton()&amp;#27;[0m
  &amp;#27;[32mAnd &amp;#27;[0m&amp;#27;[32mUser click checkout button&amp;#27;[0m                                                           &amp;#27;[90m# step_definitions.PageCartSteps.CartSteps.userClickCheckoutButton()&amp;#27;[0m
  &amp;#27;[32mAnd &amp;#27;[0m&amp;#27;[32mUser enters details firstname &amp;#27;[0m&amp;#27;[32m&amp;#27;[1m&quot;Aditya&quot;&amp;#27;[0m&amp;#27;[32m lastname &amp;#27;[0m&amp;#27;[32m&amp;#27;[1m&quot;Dwi&quot;&amp;#27;[0m&amp;#27;[32m and postalcode &amp;#27;[0m&amp;#27;[32m&amp;#27;[1m&quot;1234&quot;&amp;#27;[0m          &amp;#27;[90m# step_definitions.YourInformationSteps.DataBuyerSteps.theUserEntersDetailsFirstnameLastnameAndPostalcode(java.lang.String,java.lang.String,java.lang.String)&amp;#27;[0m
  &amp;#27;[32mAnd &amp;#27;[0m&amp;#27;[32mUser click button continue&amp;#27;[0m                                                           &amp;#27;[90m# step_definitions.YourInformationSteps.DataBuyerSteps.userClickButtonContinue()&amp;#27;[0m
25.9
  &amp;#27;[31mThen &amp;#27;[0m&amp;#27;[31mUser verify that &amp;#27;[0m&amp;#27;[31m&amp;#27;[1m&quot;25.9&quot;&amp;#27;[0m                                                             &amp;#27;[90m# step_definitions.YourOverviewSteps.Invoice.userVerifyThat(java.lang.String)&amp;#27;[0m
      &amp;#27;[31mjava.lang.AssertionError: expected: java.lang.String&lt;25.9&gt; but was: java.lang.Double&lt;25.9&gt;
	at org.junit.Assert.fail(Assert.java:88)
	at org.junit.Assert.failNotEquals(Assert.java:743)
	at org.junit.Assert.assertEquals(Assert.java:118)
	at org.junit.Assert.assertEquals(Assert.java:144)
	at step_definitions.YourOverviewSteps.Invoice.userVerifyThat(Invoice.java:25)
	at ✽.User verify that &quot;25.9&quot;(classpath:features//Sales.feature:16)
&amp;#27;[0m
  &amp;#27;[36mAnd &amp;#27;[0m&amp;#27;[36mUser clicks finish button&amp;#27;[0m                                                            &amp;#27;[90m# step_definitions.YourOverviewSteps.Invoice.theUserClicksFinishButton()&amp;#27;[0m
  &amp;#27;[36mThen &amp;#27;[0m&amp;#27;[36mUser able to see  confirmation message as &amp;#27;[0m&amp;#27;[36m&amp;#27;[1m&quot;Thank you for your order!&quot;&amp;#27;[0m               &amp;#27;[90m# step_definitions.YourOverviewSteps.Invoice.theUserAbleToSeeConfirmationMessageAs(java.lang.String)&amp;#27;[0m
</system-out>
    <system-err>SLF4J: No SLF4J providers were found.
SLF4J: Defaulting to no-operation (NOP) logger implementation
SLF4J: See https://www.slf4j.org/codes.html#noProviders for further details.
Starting ChromeDriver 114.0.5735.90 (386bc09e8f4f2e025eddae123f36f6263096ae49-refs/branch-heads/5735@{#1052}) on port 38961
Only local connections are allowed.
Please see https://chromedriver.chromium.org/security-considerations for suggestions on keeping ChromeDriver safe.
ChromeDriver was started successfully.
Jul 02, 2023 12:30:09 AM org.openqa.selenium.remote.ProtocolHandshake createSession
INFO: Detected dialect: W3C
</system-err>
  </testcase>
  <testcase classname="Sales" name="User cannot input checkout with invalid data #1" time="6.154"/>
  <testcase classname="Sales" name="User cannot input checkout with invalid data #2" time="6.269"/>
  <testcase classname="Sales" name="User cannot input checkout with invalid data #3" time="11.444"/>
  <testcase classname="Sales" name="User cannot input checkout with invalid data #4" time="10.968"/>
</testsuite>